[www.projectsforhumanity.org/index.html]
[backblue.gif]
[fade.gif]
[index.html]
[www.projectsforhumanity.org/c.0.delayed]
[www.projectsforhumanity.org/t.1.delayed]
[www.projectsforhumanity.org/about.html]
[www.projectsforhumanity.org/programs.html]
[www.projectsforhumanity.org/book-online.html]
[www.projectsforhumanity.org/blank-page.html]
[www.projectsforhumanity.org/get-involved.html]
[www.projectsforhumanity.org/online-ordering.html]
[www.projectsforhumanity.org/my-account.html]
[www.projectsforhumanity.org/sitemap.xml]
[www.projectsforhumanity.org/feed.a.delayed]
[www.projectsforhumanity.org/decodeURIComponent(e.b.delayed]
[www.projectsforhumanity.org/index.html]
[www.projectsforhumanity.org/c.html]
[www.projectsforhumanity.org/t.html]
[www.projectsforhumanity.org/about.html]
[www.projectsforhumanity.org/programs.html]
[www.projectsforhumanity.org/booking-calendar/math-tutoring.html]
[www.projectsforhumanity.org/booking-calendar/english-tutoring.html]
[www.projectsforhumanity.org/book-online.html]
[www.projectsforhumanity.org/booking-calendar/history-tutoring.html]
[www.projectsforhumanity.org/blank-page.html]
[www.projectsforhumanity.org/get-involved.html]
[www.projectsforhumanity.org/_files/ugd/Resume-Ishan%20Khosla.pdf_; filename_=UTF-8''Resume-Ishan%20Khosla.pdf]
[www.projectsforhumanity.org/constants.10.delayed]
[www.projectsforhumanity.org/online-ordering.html]
[www.projectsforhumanity.org/my-account.html]
[www.projectsforhumanity.org/feed.html]
[www.projectsforhumanity.org/decodeURIComponent(e.html]
[www.projectsforhumanity.org/booking-calendar/c.html]
[www.projectsforhumanity.org/booking-calendar/t.html]
[www.projectsforhumanity.org/booking-calendar/robots.html]
[www.projectsforhumanity.org/booking-calendar/sitemap.14.delayed]
[www.projectsforhumanity.org/booking-calendar/feed.15.delayed]
[www.projectsforhumanity.org/booking-calendar/math-tutoring.html]
[www.projectsforhumanity.org/booking-calendar/english-tutoring.html]
[www.projectsforhumanity.org/booking-calendar/history-tutoring.html]
[www.projectsforhumanity.org/constants.html]
[www.projectsforhumanity.org/booking-calendar/c.html]
[www.projectsforhumanity.org/booking-calendar/t.html]
[www.projectsforhumanity.org/booking-calendar/robots.html]
[www.projectsforhumanity.org/booking-calendar/sitemap.html]
[www.projectsforhumanity.org/booking-calendar/feed.html]
[www.projectsforhumanity.org/booking-calendar/decodeURIComponent(e.html]
[www.projectsforhumanity.org/booking-calendar/decodeURIComponent(e.html]
